[0.396s] DEBUG:colcon:Command line arguments: ['/usr/bin/colcon', 'build']
[0.396s] DEBUG:colcon:Parsed command line arguments: Namespace(allow_overriding=[], ament_cmake_args=None, base_paths=['.'], bazel_args=None, bazel_task=None, build_base='build', catkin_cmake_args=None, catkin_skip_building_tests=False, cmake_args=None, cmake_clean_cache=False, cmake_clean_first=False, cmake_force_configure=False, cmake_target=None, cmake_target_skip_unavailable=False, continue_on_error=False, event_handlers=None, executor='parallel', ignore_user_meta=False, install_base='install', log_base=None, log_level=None, main=<bound method BuildVerb.main of <colcon_core.verb.build.BuildVerb object at 0x7fa1893286d0>>, merge_install=False, metas=['./colcon.meta'], mixin=None, mixin_files=None, mixin_verb=('build',), packages_above=None, packages_above_and_dependencies=None, packages_above_depth=None, packages_end=None, packages_ignore=None, packages_ignore_regex=None, packages_select=None, packages_select_build_failed=False, packages_select_by_dep=None, packages_select_regex=None, packages_select_test_failures=False, packages_skip=None, packages_skip_build_finished=False, packages_skip_by_dep=None, packages_skip_regex=None, packages_skip_test_passed=False, packages_skip_up_to=None, packages_start=None, packages_up_to=None, packages_up_to_regex=None, parallel_workers=8, paths=None, symlink_install=False, test_result_base=None, verb_extension=<colcon_core.verb.build.BuildVerb object at 0x7fa1893286d0>, verb_name='build', verb_parser=<colcon_alias.argument_parser.alias.AliasArgumentDecorator object at 0x7fa1893bbb50>)
[0.468s] Level 1:colcon.colcon_core.package_discovery:discover_packages(colcon_meta) check parameters
[0.469s] Level 1:colcon.colcon_core.package_discovery:discover_packages(recursive) check parameters
[0.469s] Level 1:colcon.colcon_core.package_discovery:discover_packages(ignore) check parameters
[0.469s] Level 1:colcon.colcon_core.package_discovery:discover_packages(path) check parameters
[0.469s] Level 1:colcon.colcon_core.package_discovery:discover_packages(colcon_meta) discover
[0.469s] Level 1:colcon.colcon_core.package_discovery:discover_packages(recursive) discover
[0.469s] INFO:colcon.colcon_core.package_discovery:Crawling recursively for packages in '/home/user/ros2_ws/src/checkpoint9'
[0.469s] Level 1:colcon.colcon_core.package_identification:_identify(.) by extensions ['ignore', 'ignore_ament_install']
[0.470s] Level 1:colcon.colcon_core.package_identification:_identify(.) by extension 'ignore'
[0.470s] Level 1:colcon.colcon_core.package_identification:_identify(.) by extension 'ignore_ament_install'
[0.470s] Level 1:colcon.colcon_core.package_identification:_identify(.) by extensions ['colcon_pkg']
[0.470s] Level 1:colcon.colcon_core.package_identification:_identify(.) by extension 'colcon_pkg'
[0.470s] Level 1:colcon.colcon_core.package_identification:_identify(.) by extensions ['colcon_meta']
[0.470s] Level 1:colcon.colcon_core.package_identification:_identify(.) by extension 'colcon_meta'
[0.470s] Level 1:colcon.colcon_core.package_identification:_identify(.) by extensions ['ros']
[0.470s] Level 1:colcon.colcon_core.package_identification:_identify(.) by extension 'ros'
[0.474s] Level 1:colcon.colcon_core.package_identification:_identify(.) by extensions ['bazel', 'cmake', 'python']
[0.475s] Level 1:colcon.colcon_core.package_identification:_identify(.) by extension 'bazel'
[0.475s] Level 1:colcon.colcon_core.package_identification:_identify(.) by extension 'cmake'
[0.475s] Level 1:colcon.colcon_core.package_identification:_identify(.) by extension 'python'
[0.475s] Level 1:colcon.colcon_core.package_identification:_identify(.) by extensions ['python_setup_py']
[0.475s] Level 1:colcon.colcon_core.package_identification:_identify(.) by extension 'python_setup_py'
[0.475s] Level 1:colcon.colcon_core.package_identification:_identify(attach_shelf) by extensions ['ignore', 'ignore_ament_install']
[0.475s] Level 1:colcon.colcon_core.package_identification:_identify(attach_shelf) by extension 'ignore'
[0.475s] Level 1:colcon.colcon_core.package_identification:_identify(attach_shelf) by extension 'ignore_ament_install'
[0.475s] Level 1:colcon.colcon_core.package_identification:_identify(attach_shelf) by extensions ['colcon_pkg']
[0.475s] Level 1:colcon.colcon_core.package_identification:_identify(attach_shelf) by extension 'colcon_pkg'
[0.476s] Level 1:colcon.colcon_core.package_identification:_identify(attach_shelf) by extensions ['colcon_meta']
[0.476s] Level 1:colcon.colcon_core.package_identification:_identify(attach_shelf) by extension 'colcon_meta'
[0.476s] Level 1:colcon.colcon_core.package_identification:_identify(attach_shelf) by extensions ['ros']
[0.476s] Level 1:colcon.colcon_core.package_identification:_identify(attach_shelf) by extension 'ros'
[0.480s] DEBUG:colcon.colcon_core.package_identification:Package 'attach_shelf' with type 'ros.ament_cmake' and name 'attach_shelf'
[0.480s] Level 1:colcon.colcon_core.package_identification:_identify(build) by extensions ['ignore', 'ignore_ament_install']
[0.480s] Level 1:colcon.colcon_core.package_identification:_identify(build) by extension 'ignore'
[0.480s] Level 1:colcon.colcon_core.package_identification:_identify(build) ignored
[0.481s] Level 1:colcon.colcon_core.package_identification:_identify(install) by extensions ['ignore', 'ignore_ament_install']
[0.481s] Level 1:colcon.colcon_core.package_identification:_identify(install) by extension 'ignore'
[0.481s] Level 1:colcon.colcon_core.package_identification:_identify(install) ignored
[0.481s] Level 1:colcon.colcon_core.package_identification:_identify(log) by extensions ['ignore', 'ignore_ament_install']
[0.481s] Level 1:colcon.colcon_core.package_identification:_identify(log) by extension 'ignore'
[0.481s] Level 1:colcon.colcon_core.package_identification:_identify(log) ignored
[0.481s] Level 1:colcon.colcon_core.package_discovery:discover_packages(recursive) using defaults
[0.481s] Level 1:colcon.colcon_core.package_discovery:discover_packages(ignore) discover
[0.481s] Level 1:colcon.colcon_core.package_discovery:discover_packages(ignore) using defaults
[0.481s] Level 1:colcon.colcon_core.package_discovery:discover_packages(path) discover
[0.481s] Level 1:colcon.colcon_core.package_discovery:discover_packages(path) using defaults
[0.518s] Level 1:colcon.colcon_core.package_discovery:discover_packages(prefix_path) check parameters
[0.518s] Level 1:colcon.colcon_core.package_discovery:discover_packages(prefix_path) discover
[0.526s] DEBUG:colcon.colcon_installed_package_information.package_discovery:Found 1 installed packages in /home/user/ros2_ws/install
[0.529s] DEBUG:colcon.colcon_installed_package_information.package_discovery:Found 61 installed packages in /home/simulations/rmf_ws/install
[0.531s] DEBUG:colcon.colcon_installed_package_information.package_discovery:Found 1 installed packages in /home/simulations/ros2_sims_ws/install
[0.536s] DEBUG:colcon.colcon_installed_package_information.package_discovery:Found 415 installed packages in /opt/ros/galactic
[0.539s] Level 1:colcon.colcon_core.package_discovery:discover_packages(prefix_path) using defaults
[0.700s] Level 5:colcon.colcon_core.verb:set package 'attach_shelf' build argument 'bazel_args' from command line to 'None'
[0.700s] Level 5:colcon.colcon_core.verb:set package 'attach_shelf' build argument 'bazel_task' from command line to 'None'
[0.700s] Level 5:colcon.colcon_core.verb:set package 'attach_shelf' build argument 'cmake_args' from command line to 'None'
[0.700s] Level 5:colcon.colcon_core.verb:set package 'attach_shelf' build argument 'cmake_target' from command line to 'None'
[0.700s] Level 5:colcon.colcon_core.verb:set package 'attach_shelf' build argument 'cmake_target_skip_unavailable' from command line to 'False'
[0.700s] Level 5:colcon.colcon_core.verb:set package 'attach_shelf' build argument 'cmake_clean_cache' from command line to 'False'
[0.700s] Level 5:colcon.colcon_core.verb:set package 'attach_shelf' build argument 'cmake_clean_first' from command line to 'False'
[0.701s] Level 5:colcon.colcon_core.verb:set package 'attach_shelf' build argument 'cmake_force_configure' from command line to 'False'
[0.701s] Level 5:colcon.colcon_core.verb:set package 'attach_shelf' build argument 'ament_cmake_args' from command line to 'None'
[0.701s] Level 5:colcon.colcon_core.verb:set package 'attach_shelf' build argument 'catkin_cmake_args' from command line to 'None'
[0.701s] Level 5:colcon.colcon_core.verb:set package 'attach_shelf' build argument 'catkin_skip_building_tests' from command line to 'False'
[0.701s] DEBUG:colcon.colcon_core.verb:Building package 'attach_shelf' with the following arguments: {'ament_cmake_args': None, 'bazel_args': None, 'bazel_task': None, 'build_base': '/home/user/ros2_ws/src/checkpoint9/build/attach_shelf', 'catkin_cmake_args': None, 'catkin_skip_building_tests': False, 'cmake_args': None, 'cmake_clean_cache': False, 'cmake_clean_first': False, 'cmake_force_configure': False, 'cmake_target': None, 'cmake_target_skip_unavailable': False, 'install_base': '/home/user/ros2_ws/src/checkpoint9/install/attach_shelf', 'merge_install': False, 'path': '/home/user/ros2_ws/src/checkpoint9/attach_shelf', 'symlink_install': False, 'test_result_base': None}
[0.702s] INFO:colcon.colcon_core.executor:Executing jobs using 'parallel' executor
[0.708s] DEBUG:colcon.colcon_parallel_executor.executor.parallel:run_until_complete
[0.708s] INFO:colcon.colcon_ros.task.ament_cmake.build:Building ROS package in '/home/user/ros2_ws/src/checkpoint9/attach_shelf' with build type 'ament_cmake'
[0.708s] INFO:colcon.colcon_cmake.task.cmake.build:Building CMake package in '/home/user/ros2_ws/src/checkpoint9/attach_shelf'
[0.719s] INFO:colcon.colcon_core.plugin_system:Skipping extension 'colcon_core.shell.bat': Not used on non-Windows systems
[0.719s] INFO:colcon.colcon_core.shell:Skip shell extension 'powershell' for command environment: Not usable outside of PowerShell
[0.721s] DEBUG:colcon.colcon_core.shell:Skip shell extension 'dsv' for command environment
[0.750s] DEBUG:colcon.colcon_core.event_handler.log_command:Invoking command in '/home/user/ros2_ws/src/checkpoint9/build/attach_shelf': CMAKE_PREFIX_PATH=/home/simulations/rmf_ws/install/ros_ign:/home/simulations/rmf_ws/install/ros_ign_gazebo_demos:/home/simulations/rmf_ws/install/ros_ign_image:/home/simulations/rmf_ws/install/rmf_demos_ign:/home/simulations/rmf_ws/install/ros_ign_bridge:/home/simulations/rmf_ws/install/ros_ign_interfaces:/home/simulations/rmf_ws/install/ros_ign_gazebo:/home/simulations/rmf_ws/install/rmf_workcell_msgs:/home/simulations/rmf_ws/install/rmf_demos_gz:/home/simulations/rmf_ws/install/rmf_demos:/home/simulations/rmf_ws/install/rmf_fleet_adapter_python:/home/simulations/rmf_ws/install/rmf_fleet_adapter:/home/simulations/rmf_ws/install/rmf_task_ros2:/home/simulations/rmf_ws/install/rmf_websocket:/home/simulations/rmf_ws/install/rmf_visualization:/home/simulations/rmf_ws/install/rmf_visualization_schedule:/home/simulations/rmf_ws/install/rmf_visualization_rviz2_plugins:/home/simulations/rmf_ws/install/rmf_visualization_msgs:/home/simulations/rmf_ws/install/rmf_traffic_ros2:/home/simulations/rmf_ws/install/rmf_task_sequence:/home/simulations/rmf_ws/install/rmf_task:/home/simulations/rmf_ws/install/rmf_battery:/home/simulations/rmf_ws/install/rmf_traffic:/home/simulations/rmf_ws/install/rmf_utils:/home/simulations/rmf_ws/install/rmf_traffic_msgs:/home/simulations/rmf_ws/install/rmf_traffic_editor_test_maps:/home/simulations/rmf_ws/install/rmf_traffic_editor:/home/simulations/rmf_ws/install/rmf_task_msgs:/home/simulations/rmf_ws/install/rmf_site_map_msgs:/home/simulations/rmf_ws/install/rmf_scheduler_msgs:/home/simulations/rmf_ws/install/rmf_robot_sim_ignition_plugins:/home/simulations/rmf_ws/install/rmf_robot_sim_gazebo_plugins:/home/simulations/rmf_ws/install/rmf_robot_sim_common:/home/simulations/rmf_ws/install/rmf_obstacle_msgs:/home/simulations/rmf_ws/install/rmf_building_sim_ignition_plugins:/home/simulations/rmf_ws/install/rmf_building_sim_gazebo_plugins:/home/simulations/rmf_ws/install/rmf_building_sim_common:/home/simulations/rmf_ws/install/rmf_lift_msgs:/home/simulations/rmf_ws/install/rmf_ingestor_msgs:/home/simulations/rmf_ws/install/rmf_fleet_msgs:/home/simulations/rmf_ws/install/rmf_door_msgs:/home/simulations/rmf_ws/install/rmf_dispenser_msgs:/home/simulations/rmf_ws/install/rmf_demos_maps:/home/simulations/rmf_ws/install/rmf_demos_dashboard_resources:/home/simulations/rmf_ws/install/rmf_demos_assets:/home/simulations/rmf_ws/install/rmf_charger_msgs:/home/simulations/rmf_ws/install/rmf_building_map_msgs:/home/simulations/rmf_ws/install/rmf_api_msgs:/home/simulations/rmf_ws/install/pybind11_json_vendor:/home/simulations/rmf_ws/install/nlohmann_json_schema_validator_vendor:/home/simulations/rmf_ws/install/rmf_demos_fleet_adapter:/home/simulations/rmf_ws/install/rmf_visualization_fleet_states:/home/simulations/rmf_ws/install/rmf_visualization_building_systems:/home/simulations/rmf_ws/install/rmf_traffic_examples:/home/simulations/rmf_ws/install/rmf_demos_bridges:/home/simulations/rmf_ws/install/rmf_traffic_editor_assets:/home/simulations/rmf_ws/install/rmf_demos_tasks:/home/simulations/rmf_ws/install/rmf_demos_panel:/home/simulations/rmf_ws/install/rmf_building_map_tools:/opt/ros/galactic:/home/simulations/rmf_ws/install/menge_vendor:/home/simulations/rmf_ws/install/ament_cmake_catch2:/home/simulations/ros2_sims_ws/install/ros1_bridge:/home/user/ros2_ws/install/attach_shelf _=/usr/bin/env /usr/bin/cmake /home/user/ros2_ws/src/checkpoint9/attach_shelf -DCMAKE_INSTALL_PREFIX=/home/user/ros2_ws/src/checkpoint9/install/attach_shelf
[6.184s] DEBUG:colcon.colcon_core.event_handler.log_command:Invoked command in '/home/user/ros2_ws/src/checkpoint9/build/attach_shelf' returned '0': CMAKE_PREFIX_PATH=/home/simulations/rmf_ws/install/ros_ign:/home/simulations/rmf_ws/install/ros_ign_gazebo_demos:/home/simulations/rmf_ws/install/ros_ign_image:/home/simulations/rmf_ws/install/rmf_demos_ign:/home/simulations/rmf_ws/install/ros_ign_bridge:/home/simulations/rmf_ws/install/ros_ign_interfaces:/home/simulations/rmf_ws/install/ros_ign_gazebo:/home/simulations/rmf_ws/install/rmf_workcell_msgs:/home/simulations/rmf_ws/install/rmf_demos_gz:/home/simulations/rmf_ws/install/rmf_demos:/home/simulations/rmf_ws/install/rmf_fleet_adapter_python:/home/simulations/rmf_ws/install/rmf_fleet_adapter:/home/simulations/rmf_ws/install/rmf_task_ros2:/home/simulations/rmf_ws/install/rmf_websocket:/home/simulations/rmf_ws/install/rmf_visualization:/home/simulations/rmf_ws/install/rmf_visualization_schedule:/home/simulations/rmf_ws/install/rmf_visualization_rviz2_plugins:/home/simulations/rmf_ws/install/rmf_visualization_msgs:/home/simulations/rmf_ws/install/rmf_traffic_ros2:/home/simulations/rmf_ws/install/rmf_task_sequence:/home/simulations/rmf_ws/install/rmf_task:/home/simulations/rmf_ws/install/rmf_battery:/home/simulations/rmf_ws/install/rmf_traffic:/home/simulations/rmf_ws/install/rmf_utils:/home/simulations/rmf_ws/install/rmf_traffic_msgs:/home/simulations/rmf_ws/install/rmf_traffic_editor_test_maps:/home/simulations/rmf_ws/install/rmf_traffic_editor:/home/simulations/rmf_ws/install/rmf_task_msgs:/home/simulations/rmf_ws/install/rmf_site_map_msgs:/home/simulations/rmf_ws/install/rmf_scheduler_msgs:/home/simulations/rmf_ws/install/rmf_robot_sim_ignition_plugins:/home/simulations/rmf_ws/install/rmf_robot_sim_gazebo_plugins:/home/simulations/rmf_ws/install/rmf_robot_sim_common:/home/simulations/rmf_ws/install/rmf_obstacle_msgs:/home/simulations/rmf_ws/install/rmf_building_sim_ignition_plugins:/home/simulations/rmf_ws/install/rmf_building_sim_gazebo_plugins:/home/simulations/rmf_ws/install/rmf_building_sim_common:/home/simulations/rmf_ws/install/rmf_lift_msgs:/home/simulations/rmf_ws/install/rmf_ingestor_msgs:/home/simulations/rmf_ws/install/rmf_fleet_msgs:/home/simulations/rmf_ws/install/rmf_door_msgs:/home/simulations/rmf_ws/install/rmf_dispenser_msgs:/home/simulations/rmf_ws/install/rmf_demos_maps:/home/simulations/rmf_ws/install/rmf_demos_dashboard_resources:/home/simulations/rmf_ws/install/rmf_demos_assets:/home/simulations/rmf_ws/install/rmf_charger_msgs:/home/simulations/rmf_ws/install/rmf_building_map_msgs:/home/simulations/rmf_ws/install/rmf_api_msgs:/home/simulations/rmf_ws/install/pybind11_json_vendor:/home/simulations/rmf_ws/install/nlohmann_json_schema_validator_vendor:/home/simulations/rmf_ws/install/rmf_demos_fleet_adapter:/home/simulations/rmf_ws/install/rmf_visualization_fleet_states:/home/simulations/rmf_ws/install/rmf_visualization_building_systems:/home/simulations/rmf_ws/install/rmf_traffic_examples:/home/simulations/rmf_ws/install/rmf_demos_bridges:/home/simulations/rmf_ws/install/rmf_traffic_editor_assets:/home/simulations/rmf_ws/install/rmf_demos_tasks:/home/simulations/rmf_ws/install/rmf_demos_panel:/home/simulations/rmf_ws/install/rmf_building_map_tools:/opt/ros/galactic:/home/simulations/rmf_ws/install/menge_vendor:/home/simulations/rmf_ws/install/ament_cmake_catch2:/home/simulations/ros2_sims_ws/install/ros1_bridge:/home/user/ros2_ws/install/attach_shelf _=/usr/bin/env /usr/bin/cmake /home/user/ros2_ws/src/checkpoint9/attach_shelf -DCMAKE_INSTALL_PREFIX=/home/user/ros2_ws/src/checkpoint9/install/attach_shelf
[6.187s] DEBUG:colcon.colcon_core.event_handler.log_command:Invoking command in '/home/user/ros2_ws/src/checkpoint9/build/attach_shelf': CMAKE_PREFIX_PATH=/home/simulations/rmf_ws/install/ros_ign:/home/simulations/rmf_ws/install/ros_ign_gazebo_demos:/home/simulations/rmf_ws/install/ros_ign_image:/home/simulations/rmf_ws/install/rmf_demos_ign:/home/simulations/rmf_ws/install/ros_ign_bridge:/home/simulations/rmf_ws/install/ros_ign_interfaces:/home/simulations/rmf_ws/install/ros_ign_gazebo:/home/simulations/rmf_ws/install/rmf_workcell_msgs:/home/simulations/rmf_ws/install/rmf_demos_gz:/home/simulations/rmf_ws/install/rmf_demos:/home/simulations/rmf_ws/install/rmf_fleet_adapter_python:/home/simulations/rmf_ws/install/rmf_fleet_adapter:/home/simulations/rmf_ws/install/rmf_task_ros2:/home/simulations/rmf_ws/install/rmf_websocket:/home/simulations/rmf_ws/install/rmf_visualization:/home/simulations/rmf_ws/install/rmf_visualization_schedule:/home/simulations/rmf_ws/install/rmf_visualization_rviz2_plugins:/home/simulations/rmf_ws/install/rmf_visualization_msgs:/home/simulations/rmf_ws/install/rmf_traffic_ros2:/home/simulations/rmf_ws/install/rmf_task_sequence:/home/simulations/rmf_ws/install/rmf_task:/home/simulations/rmf_ws/install/rmf_battery:/home/simulations/rmf_ws/install/rmf_traffic:/home/simulations/rmf_ws/install/rmf_utils:/home/simulations/rmf_ws/install/rmf_traffic_msgs:/home/simulations/rmf_ws/install/rmf_traffic_editor_test_maps:/home/simulations/rmf_ws/install/rmf_traffic_editor:/home/simulations/rmf_ws/install/rmf_task_msgs:/home/simulations/rmf_ws/install/rmf_site_map_msgs:/home/simulations/rmf_ws/install/rmf_scheduler_msgs:/home/simulations/rmf_ws/install/rmf_robot_sim_ignition_plugins:/home/simulations/rmf_ws/install/rmf_robot_sim_gazebo_plugins:/home/simulations/rmf_ws/install/rmf_robot_sim_common:/home/simulations/rmf_ws/install/rmf_obstacle_msgs:/home/simulations/rmf_ws/install/rmf_building_sim_ignition_plugins:/home/simulations/rmf_ws/install/rmf_building_sim_gazebo_plugins:/home/simulations/rmf_ws/install/rmf_building_sim_common:/home/simulations/rmf_ws/install/rmf_lift_msgs:/home/simulations/rmf_ws/install/rmf_ingestor_msgs:/home/simulations/rmf_ws/install/rmf_fleet_msgs:/home/simulations/rmf_ws/install/rmf_door_msgs:/home/simulations/rmf_ws/install/rmf_dispenser_msgs:/home/simulations/rmf_ws/install/rmf_demos_maps:/home/simulations/rmf_ws/install/rmf_demos_dashboard_resources:/home/simulations/rmf_ws/install/rmf_demos_assets:/home/simulations/rmf_ws/install/rmf_charger_msgs:/home/simulations/rmf_ws/install/rmf_building_map_msgs:/home/simulations/rmf_ws/install/rmf_api_msgs:/home/simulations/rmf_ws/install/pybind11_json_vendor:/home/simulations/rmf_ws/install/nlohmann_json_schema_validator_vendor:/home/simulations/rmf_ws/install/rmf_demos_fleet_adapter:/home/simulations/rmf_ws/install/rmf_visualization_fleet_states:/home/simulations/rmf_ws/install/rmf_visualization_building_systems:/home/simulations/rmf_ws/install/rmf_traffic_examples:/home/simulations/rmf_ws/install/rmf_demos_bridges:/home/simulations/rmf_ws/install/rmf_traffic_editor_assets:/home/simulations/rmf_ws/install/rmf_demos_tasks:/home/simulations/rmf_ws/install/rmf_demos_panel:/home/simulations/rmf_ws/install/rmf_building_map_tools:/opt/ros/galactic:/home/simulations/rmf_ws/install/menge_vendor:/home/simulations/rmf_ws/install/ament_cmake_catch2:/home/simulations/ros2_sims_ws/install/ros1_bridge:/home/user/ros2_ws/install/attach_shelf _=/usr/bin/env /usr/bin/cmake --build /home/user/ros2_ws/src/checkpoint9/build/attach_shelf -- -j8 -l8
[17.528s] DEBUG:colcon.colcon_core.event_handler.log_command:Invoked command in '/home/user/ros2_ws/src/checkpoint9/build/attach_shelf' returned '0': CMAKE_PREFIX_PATH=/home/simulations/rmf_ws/install/ros_ign:/home/simulations/rmf_ws/install/ros_ign_gazebo_demos:/home/simulations/rmf_ws/install/ros_ign_image:/home/simulations/rmf_ws/install/rmf_demos_ign:/home/simulations/rmf_ws/install/ros_ign_bridge:/home/simulations/rmf_ws/install/ros_ign_interfaces:/home/simulations/rmf_ws/install/ros_ign_gazebo:/home/simulations/rmf_ws/install/rmf_workcell_msgs:/home/simulations/rmf_ws/install/rmf_demos_gz:/home/simulations/rmf_ws/install/rmf_demos:/home/simulations/rmf_ws/install/rmf_fleet_adapter_python:/home/simulations/rmf_ws/install/rmf_fleet_adapter:/home/simulations/rmf_ws/install/rmf_task_ros2:/home/simulations/rmf_ws/install/rmf_websocket:/home/simulations/rmf_ws/install/rmf_visualization:/home/simulations/rmf_ws/install/rmf_visualization_schedule:/home/simulations/rmf_ws/install/rmf_visualization_rviz2_plugins:/home/simulations/rmf_ws/install/rmf_visualization_msgs:/home/simulations/rmf_ws/install/rmf_traffic_ros2:/home/simulations/rmf_ws/install/rmf_task_sequence:/home/simulations/rmf_ws/install/rmf_task:/home/simulations/rmf_ws/install/rmf_battery:/home/simulations/rmf_ws/install/rmf_traffic:/home/simulations/rmf_ws/install/rmf_utils:/home/simulations/rmf_ws/install/rmf_traffic_msgs:/home/simulations/rmf_ws/install/rmf_traffic_editor_test_maps:/home/simulations/rmf_ws/install/rmf_traffic_editor:/home/simulations/rmf_ws/install/rmf_task_msgs:/home/simulations/rmf_ws/install/rmf_site_map_msgs:/home/simulations/rmf_ws/install/rmf_scheduler_msgs:/home/simulations/rmf_ws/install/rmf_robot_sim_ignition_plugins:/home/simulations/rmf_ws/install/rmf_robot_sim_gazebo_plugins:/home/simulations/rmf_ws/install/rmf_robot_sim_common:/home/simulations/rmf_ws/install/rmf_obstacle_msgs:/home/simulations/rmf_ws/install/rmf_building_sim_ignition_plugins:/home/simulations/rmf_ws/install/rmf_building_sim_gazebo_plugins:/home/simulations/rmf_ws/install/rmf_building_sim_common:/home/simulations/rmf_ws/install/rmf_lift_msgs:/home/simulations/rmf_ws/install/rmf_ingestor_msgs:/home/simulations/rmf_ws/install/rmf_fleet_msgs:/home/simulations/rmf_ws/install/rmf_door_msgs:/home/simulations/rmf_ws/install/rmf_dispenser_msgs:/home/simulations/rmf_ws/install/rmf_demos_maps:/home/simulations/rmf_ws/install/rmf_demos_dashboard_resources:/home/simulations/rmf_ws/install/rmf_demos_assets:/home/simulations/rmf_ws/install/rmf_charger_msgs:/home/simulations/rmf_ws/install/rmf_building_map_msgs:/home/simulations/rmf_ws/install/rmf_api_msgs:/home/simulations/rmf_ws/install/pybind11_json_vendor:/home/simulations/rmf_ws/install/nlohmann_json_schema_validator_vendor:/home/simulations/rmf_ws/install/rmf_demos_fleet_adapter:/home/simulations/rmf_ws/install/rmf_visualization_fleet_states:/home/simulations/rmf_ws/install/rmf_visualization_building_systems:/home/simulations/rmf_ws/install/rmf_traffic_examples:/home/simulations/rmf_ws/install/rmf_demos_bridges:/home/simulations/rmf_ws/install/rmf_traffic_editor_assets:/home/simulations/rmf_ws/install/rmf_demos_tasks:/home/simulations/rmf_ws/install/rmf_demos_panel:/home/simulations/rmf_ws/install/rmf_building_map_tools:/opt/ros/galactic:/home/simulations/rmf_ws/install/menge_vendor:/home/simulations/rmf_ws/install/ament_cmake_catch2:/home/simulations/ros2_sims_ws/install/ros1_bridge:/home/user/ros2_ws/install/attach_shelf _=/usr/bin/env /usr/bin/cmake --build /home/user/ros2_ws/src/checkpoint9/build/attach_shelf -- -j8 -l8
[17.616s] DEBUG:colcon.colcon_core.event_handler.log_command:Invoking command in '/home/user/ros2_ws/src/checkpoint9/build/attach_shelf': CMAKE_PREFIX_PATH=/home/simulations/rmf_ws/install/ros_ign:/home/simulations/rmf_ws/install/ros_ign_gazebo_demos:/home/simulations/rmf_ws/install/ros_ign_image:/home/simulations/rmf_ws/install/rmf_demos_ign:/home/simulations/rmf_ws/install/ros_ign_bridge:/home/simulations/rmf_ws/install/ros_ign_interfaces:/home/simulations/rmf_ws/install/ros_ign_gazebo:/home/simulations/rmf_ws/install/rmf_workcell_msgs:/home/simulations/rmf_ws/install/rmf_demos_gz:/home/simulations/rmf_ws/install/rmf_demos:/home/simulations/rmf_ws/install/rmf_fleet_adapter_python:/home/simulations/rmf_ws/install/rmf_fleet_adapter:/home/simulations/rmf_ws/install/rmf_task_ros2:/home/simulations/rmf_ws/install/rmf_websocket:/home/simulations/rmf_ws/install/rmf_visualization:/home/simulations/rmf_ws/install/rmf_visualization_schedule:/home/simulations/rmf_ws/install/rmf_visualization_rviz2_plugins:/home/simulations/rmf_ws/install/rmf_visualization_msgs:/home/simulations/rmf_ws/install/rmf_traffic_ros2:/home/simulations/rmf_ws/install/rmf_task_sequence:/home/simulations/rmf_ws/install/rmf_task:/home/simulations/rmf_ws/install/rmf_battery:/home/simulations/rmf_ws/install/rmf_traffic:/home/simulations/rmf_ws/install/rmf_utils:/home/simulations/rmf_ws/install/rmf_traffic_msgs:/home/simulations/rmf_ws/install/rmf_traffic_editor_test_maps:/home/simulations/rmf_ws/install/rmf_traffic_editor:/home/simulations/rmf_ws/install/rmf_task_msgs:/home/simulations/rmf_ws/install/rmf_site_map_msgs:/home/simulations/rmf_ws/install/rmf_scheduler_msgs:/home/simulations/rmf_ws/install/rmf_robot_sim_ignition_plugins:/home/simulations/rmf_ws/install/rmf_robot_sim_gazebo_plugins:/home/simulations/rmf_ws/install/rmf_robot_sim_common:/home/simulations/rmf_ws/install/rmf_obstacle_msgs:/home/simulations/rmf_ws/install/rmf_building_sim_ignition_plugins:/home/simulations/rmf_ws/install/rmf_building_sim_gazebo_plugins:/home/simulations/rmf_ws/install/rmf_building_sim_common:/home/simulations/rmf_ws/install/rmf_lift_msgs:/home/simulations/rmf_ws/install/rmf_ingestor_msgs:/home/simulations/rmf_ws/install/rmf_fleet_msgs:/home/simulations/rmf_ws/install/rmf_door_msgs:/home/simulations/rmf_ws/install/rmf_dispenser_msgs:/home/simulations/rmf_ws/install/rmf_demos_maps:/home/simulations/rmf_ws/install/rmf_demos_dashboard_resources:/home/simulations/rmf_ws/install/rmf_demos_assets:/home/simulations/rmf_ws/install/rmf_charger_msgs:/home/simulations/rmf_ws/install/rmf_building_map_msgs:/home/simulations/rmf_ws/install/rmf_api_msgs:/home/simulations/rmf_ws/install/pybind11_json_vendor:/home/simulations/rmf_ws/install/nlohmann_json_schema_validator_vendor:/home/simulations/rmf_ws/install/rmf_demos_fleet_adapter:/home/simulations/rmf_ws/install/rmf_visualization_fleet_states:/home/simulations/rmf_ws/install/rmf_visualization_building_systems:/home/simulations/rmf_ws/install/rmf_traffic_examples:/home/simulations/rmf_ws/install/rmf_demos_bridges:/home/simulations/rmf_ws/install/rmf_traffic_editor_assets:/home/simulations/rmf_ws/install/rmf_demos_tasks:/home/simulations/rmf_ws/install/rmf_demos_panel:/home/simulations/rmf_ws/install/rmf_building_map_tools:/opt/ros/galactic:/home/simulations/rmf_ws/install/menge_vendor:/home/simulations/rmf_ws/install/ament_cmake_catch2:/home/simulations/ros2_sims_ws/install/ros1_bridge:/home/user/ros2_ws/install/attach_shelf _=/usr/bin/env /usr/bin/cmake --install /home/user/ros2_ws/src/checkpoint9/build/attach_shelf
[17.644s] Level 1:colcon.colcon_core.environment:create_environment_scripts_only(attach_shelf)
[17.645s] DEBUG:colcon.colcon_core.event_handler.log_command:Invoked command in '/home/user/ros2_ws/src/checkpoint9/build/attach_shelf' returned '0': CMAKE_PREFIX_PATH=/home/simulations/rmf_ws/install/ros_ign:/home/simulations/rmf_ws/install/ros_ign_gazebo_demos:/home/simulations/rmf_ws/install/ros_ign_image:/home/simulations/rmf_ws/install/rmf_demos_ign:/home/simulations/rmf_ws/install/ros_ign_bridge:/home/simulations/rmf_ws/install/ros_ign_interfaces:/home/simulations/rmf_ws/install/ros_ign_gazebo:/home/simulations/rmf_ws/install/rmf_workcell_msgs:/home/simulations/rmf_ws/install/rmf_demos_gz:/home/simulations/rmf_ws/install/rmf_demos:/home/simulations/rmf_ws/install/rmf_fleet_adapter_python:/home/simulations/rmf_ws/install/rmf_fleet_adapter:/home/simulations/rmf_ws/install/rmf_task_ros2:/home/simulations/rmf_ws/install/rmf_websocket:/home/simulations/rmf_ws/install/rmf_visualization:/home/simulations/rmf_ws/install/rmf_visualization_schedule:/home/simulations/rmf_ws/install/rmf_visualization_rviz2_plugins:/home/simulations/rmf_ws/install/rmf_visualization_msgs:/home/simulations/rmf_ws/install/rmf_traffic_ros2:/home/simulations/rmf_ws/install/rmf_task_sequence:/home/simulations/rmf_ws/install/rmf_task:/home/simulations/rmf_ws/install/rmf_battery:/home/simulations/rmf_ws/install/rmf_traffic:/home/simulations/rmf_ws/install/rmf_utils:/home/simulations/rmf_ws/install/rmf_traffic_msgs:/home/simulations/rmf_ws/install/rmf_traffic_editor_test_maps:/home/simulations/rmf_ws/install/rmf_traffic_editor:/home/simulations/rmf_ws/install/rmf_task_msgs:/home/simulations/rmf_ws/install/rmf_site_map_msgs:/home/simulations/rmf_ws/install/rmf_scheduler_msgs:/home/simulations/rmf_ws/install/rmf_robot_sim_ignition_plugins:/home/simulations/rmf_ws/install/rmf_robot_sim_gazebo_plugins:/home/simulations/rmf_ws/install/rmf_robot_sim_common:/home/simulations/rmf_ws/install/rmf_obstacle_msgs:/home/simulations/rmf_ws/install/rmf_building_sim_ignition_plugins:/home/simulations/rmf_ws/install/rmf_building_sim_gazebo_plugins:/home/simulations/rmf_ws/install/rmf_building_sim_common:/home/simulations/rmf_ws/install/rmf_lift_msgs:/home/simulations/rmf_ws/install/rmf_ingestor_msgs:/home/simulations/rmf_ws/install/rmf_fleet_msgs:/home/simulations/rmf_ws/install/rmf_door_msgs:/home/simulations/rmf_ws/install/rmf_dispenser_msgs:/home/simulations/rmf_ws/install/rmf_demos_maps:/home/simulations/rmf_ws/install/rmf_demos_dashboard_resources:/home/simulations/rmf_ws/install/rmf_demos_assets:/home/simulations/rmf_ws/install/rmf_charger_msgs:/home/simulations/rmf_ws/install/rmf_building_map_msgs:/home/simulations/rmf_ws/install/rmf_api_msgs:/home/simulations/rmf_ws/install/pybind11_json_vendor:/home/simulations/rmf_ws/install/nlohmann_json_schema_validator_vendor:/home/simulations/rmf_ws/install/rmf_demos_fleet_adapter:/home/simulations/rmf_ws/install/rmf_visualization_fleet_states:/home/simulations/rmf_ws/install/rmf_visualization_building_systems:/home/simulations/rmf_ws/install/rmf_traffic_examples:/home/simulations/rmf_ws/install/rmf_demos_bridges:/home/simulations/rmf_ws/install/rmf_traffic_editor_assets:/home/simulations/rmf_ws/install/rmf_demos_tasks:/home/simulations/rmf_ws/install/rmf_demos_panel:/home/simulations/rmf_ws/install/rmf_building_map_tools:/opt/ros/galactic:/home/simulations/rmf_ws/install/menge_vendor:/home/simulations/rmf_ws/install/ament_cmake_catch2:/home/simulations/ros2_sims_ws/install/ros1_bridge:/home/user/ros2_ws/install/attach_shelf _=/usr/bin/env /usr/bin/cmake --install /home/user/ros2_ws/src/checkpoint9/build/attach_shelf
[17.652s] Level 1:colcon.colcon_core.environment:checking '/home/user/ros2_ws/src/checkpoint9/install/attach_shelf' for CMake module files
[17.653s] Level 1:colcon.colcon_core.environment:checking '/home/user/ros2_ws/src/checkpoint9/install/attach_shelf' for CMake config files
[17.653s] Level 1:colcon.colcon_core.shell:create_environment_hook('attach_shelf', 'cmake_prefix_path')
[17.655s] INFO:colcon.colcon_core.shell:Creating environment hook '/home/user/ros2_ws/src/checkpoint9/install/attach_shelf/share/attach_shelf/hook/cmake_prefix_path.ps1'
[17.655s] INFO:colcon.colcon_core.shell:Creating environment descriptor '/home/user/ros2_ws/src/checkpoint9/install/attach_shelf/share/attach_shelf/hook/cmake_prefix_path.dsv'
[17.656s] INFO:colcon.colcon_core.shell:Creating environment hook '/home/user/ros2_ws/src/checkpoint9/install/attach_shelf/share/attach_shelf/hook/cmake_prefix_path.sh'
[17.657s] Level 1:colcon.colcon_core.environment:checking '/home/user/ros2_ws/src/checkpoint9/install/attach_shelf/lib'
[17.657s] Level 1:colcon.colcon_core.environment:checking '/home/user/ros2_ws/src/checkpoint9/install/attach_shelf/bin'
[17.657s] Level 1:colcon.colcon_core.environment:checking '/home/user/ros2_ws/src/checkpoint9/install/attach_shelf/lib/pkgconfig/attach_shelf.pc'
[17.658s] Level 1:colcon.colcon_core.environment:checking '/home/user/ros2_ws/src/checkpoint9/install/attach_shelf/lib/python3.8/site-packages'
[17.658s] Level 1:colcon.colcon_core.environment:checking '/home/user/ros2_ws/src/checkpoint9/install/attach_shelf/bin'
[17.660s] INFO:colcon.colcon_core.shell:Creating package script '/home/user/ros2_ws/src/checkpoint9/install/attach_shelf/share/attach_shelf/package.ps1'
[17.660s] INFO:colcon.colcon_core.shell:Creating package descriptor '/home/user/ros2_ws/src/checkpoint9/install/attach_shelf/share/attach_shelf/package.dsv'
[17.661s] INFO:colcon.colcon_core.shell:Creating package script '/home/user/ros2_ws/src/checkpoint9/install/attach_shelf/share/attach_shelf/package.sh'
[17.662s] INFO:colcon.colcon_core.shell:Creating package script '/home/user/ros2_ws/src/checkpoint9/install/attach_shelf/share/attach_shelf/package.bash'
[17.663s] INFO:colcon.colcon_core.shell:Creating package script '/home/user/ros2_ws/src/checkpoint9/install/attach_shelf/share/attach_shelf/package.zsh'
[17.663s] Level 1:colcon.colcon_core.environment:create_file_with_runtime_dependencies(/home/user/ros2_ws/src/checkpoint9/install/attach_shelf/share/colcon-core/packages/attach_shelf)
[17.733s] Level 1:colcon.colcon_core.environment:create_environment_scripts_only(attach_shelf)
[17.735s] Level 1:colcon.colcon_core.environment:checking '/home/user/ros2_ws/src/checkpoint9/install/attach_shelf' for CMake module files
[17.736s] Level 1:colcon.colcon_core.environment:checking '/home/user/ros2_ws/src/checkpoint9/install/attach_shelf' for CMake config files
[17.736s] Level 1:colcon.colcon_core.shell:create_environment_hook('attach_shelf', 'cmake_prefix_path')
[17.738s] INFO:colcon.colcon_core.shell:Creating environment hook '/home/user/ros2_ws/src/checkpoint9/install/attach_shelf/share/attach_shelf/hook/cmake_prefix_path.ps1'
[17.739s] INFO:colcon.colcon_core.shell:Creating environment descriptor '/home/user/ros2_ws/src/checkpoint9/install/attach_shelf/share/attach_shelf/hook/cmake_prefix_path.dsv'
[17.739s] INFO:colcon.colcon_core.shell:Creating environment hook '/home/user/ros2_ws/src/checkpoint9/install/attach_shelf/share/attach_shelf/hook/cmake_prefix_path.sh'
[17.740s] Level 1:colcon.colcon_core.environment:checking '/home/user/ros2_ws/src/checkpoint9/install/attach_shelf/lib'
[17.740s] Level 1:colcon.colcon_core.environment:checking '/home/user/ros2_ws/src/checkpoint9/install/attach_shelf/bin'
[17.740s] Level 1:colcon.colcon_core.environment:checking '/home/user/ros2_ws/src/checkpoint9/install/attach_shelf/lib/pkgconfig/attach_shelf.pc'
[17.740s] Level 1:colcon.colcon_core.environment:checking '/home/user/ros2_ws/src/checkpoint9/install/attach_shelf/lib/python3.8/site-packages'
[17.740s] Level 1:colcon.colcon_core.environment:checking '/home/user/ros2_ws/src/checkpoint9/install/attach_shelf/bin'
[17.742s] INFO:colcon.colcon_core.shell:Creating package script '/home/user/ros2_ws/src/checkpoint9/install/attach_shelf/share/attach_shelf/package.ps1'
[17.743s] INFO:colcon.colcon_core.shell:Creating package descriptor '/home/user/ros2_ws/src/checkpoint9/install/attach_shelf/share/attach_shelf/package.dsv'
[17.743s] INFO:colcon.colcon_core.shell:Creating package script '/home/user/ros2_ws/src/checkpoint9/install/attach_shelf/share/attach_shelf/package.sh'
[17.744s] INFO:colcon.colcon_core.shell:Creating package script '/home/user/ros2_ws/src/checkpoint9/install/attach_shelf/share/attach_shelf/package.bash'
[17.744s] INFO:colcon.colcon_core.shell:Creating package script '/home/user/ros2_ws/src/checkpoint9/install/attach_shelf/share/attach_shelf/package.zsh'
[17.745s] Level 1:colcon.colcon_core.environment:create_file_with_runtime_dependencies(/home/user/ros2_ws/src/checkpoint9/install/attach_shelf/share/colcon-core/packages/attach_shelf)
[17.745s] DEBUG:colcon.colcon_parallel_executor.executor.parallel:closing loop
[17.745s] DEBUG:colcon.colcon_parallel_executor.executor.parallel:loop closed
[17.745s] DEBUG:colcon.colcon_parallel_executor.executor.parallel:run_until_complete finished with '0'
[17.746s] DEBUG:colcon.colcon_core.event_reactor:joining thread
[17.756s] INFO:colcon.colcon_core.plugin_system:Skipping extension 'colcon_notification.desktop_notification.notify_send': Could not find 'notify-send'
[17.756s] INFO:colcon.colcon_core.plugin_system:Skipping extension 'colcon_notification.desktop_notification.terminal_notifier': Not used on non-Darwin systems
[17.756s] INFO:colcon.colcon_core.plugin_system:Skipping extension 'colcon_notification.desktop_notification.win32': Not used on non-Windows systems
[17.756s] INFO:colcon.colcon_notification.desktop_notification:Sending desktop notification using 'notify2'
[17.758s] DEBUG:colcon.colcon_notification.desktop_notification.notify2:Failed to initialize notify2: org.freedesktop.DBus.Error.Spawn.ExecFailed: /usr/bin/dbus-launch terminated abnormally without any error message
[17.758s] DEBUG:colcon.colcon_core.event_reactor:joined thread
[17.761s] INFO:colcon.colcon_core.shell:Creating prefix script '/home/user/ros2_ws/src/checkpoint9/install/local_setup.ps1'
[17.762s] INFO:colcon.colcon_core.shell:Creating prefix util module '/home/user/ros2_ws/src/checkpoint9/install/_local_setup_util_ps1.py'
[17.764s] INFO:colcon.colcon_core.shell:Creating prefix chain script '/home/user/ros2_ws/src/checkpoint9/install/setup.ps1'
[17.769s] INFO:colcon.colcon_core.shell:Creating prefix script '/home/user/ros2_ws/src/checkpoint9/install/local_setup.sh'
[17.770s] INFO:colcon.colcon_core.shell:Creating prefix util module '/home/user/ros2_ws/src/checkpoint9/install/_local_setup_util_sh.py'
[17.770s] INFO:colcon.colcon_core.shell:Creating prefix chain script '/home/user/ros2_ws/src/checkpoint9/install/setup.sh'
[17.775s] INFO:colcon.colcon_core.shell:Creating prefix script '/home/user/ros2_ws/src/checkpoint9/install/local_setup.bash'
[17.775s] INFO:colcon.colcon_core.shell:Creating prefix chain script '/home/user/ros2_ws/src/checkpoint9/install/setup.bash'
[17.781s] INFO:colcon.colcon_core.shell:Creating prefix script '/home/user/ros2_ws/src/checkpoint9/install/local_setup.zsh'
[17.781s] INFO:colcon.colcon_core.shell:Creating prefix chain script '/home/user/ros2_ws/src/checkpoint9/install/setup.zsh'
